2025-11-08T23:07:19.421633+0530 INFO Created virtual environment for workspace 'test_workspace' at C:\Users\RAJDEEP SINGH\AppData\Local\Temp\pytest-of-RAJDEEP SINGH\pytest-0\test_create_workspace_env0\envs\test_workspace
2025-11-08T23:10:04.406566+0530 INFO Created virtual environment for workspace 'test_workspace' at C:\Users\RAJDEEP SINGH\AppData\Local\Temp\pytest-of-RAJDEEP SINGH\pytest-1\test_create_workspace_env0\envs\test_workspace
2025-11-08T23:29:30.040873+0530 INFO Initialized workspace database
2025-11-08T23:29:53.050707+0530 INFO Initialized workspace database
2025-11-08T23:31:10.192317+0530 INFO Created virtual environment for workspace 'test_workspace' at C:\Users\RAJDEEP SINGH\AppData\Local\Temp\pytest-of-RAJDEEP SINGH\pytest-2\test_create_workspace_env0\envs\test_workspace
2025-11-08T23:32:12.065432+0530 INFO Created virtual environment for workspace 'test_workspace' at C:\Users\RAJDEEP SINGH\AppData\Local\Temp\pytest-of-RAJDEEP SINGH\pytest-3\test_create_workspace_env0\envs\test_workspace
2025-11-08T23:40:42.946030+0530 INFO Created workspace 'test_workspace' at C:\Users\RAJDEEP SINGH\AppData\Local\Temp\pytest-of-RAJDEEP SINGH\pytest-4\test_create_workspace_env0\envs\test_workspace
2025-11-08T23:41:19.397967+0530 INFO Created workspace 'test_workspace' at C:\Users\RAJDEEP SINGH\AppData\Local\Temp\pytest-of-RAJDEEP SINGH\pytest-5\test_create_workspace_env0\envs\test_workspace
2025-11-08T23:42:28.218023+0530 INFO Initialized workspace database
2025-11-08T23:42:51.409944+0530 INFO Initialized workspace database
2025-11-08T23:43:14.765314+0530 INFO Initialized workspace database
2025-11-08T23:43:39.691603+0530 INFO Initialized workspace database
2025-11-08T23:46:57.259565+0530 INFO Created workspace 'test_workspace' at C:\Users\RAJDEEP SINGH\AppData\Local\Temp\pytest-of-RAJDEEP SINGH\pytest-6\test_create_workspace_env0\envs\test_workspace
2025-11-08T23:55:30.926499+0530 INFO Created workspace 'test_workspace' at C:\Users\RAJDEEP SINGH\AppData\Local\Temp\pytest-of-RAJDEEP SINGH\pytest-7\test_create_workspace_env0\envs\test_workspace
2025-11-09T00:01:24.543484+0530 INFO Created workspace 'test_workspace' at C:\Users\RAJDEEP SINGH\AppData\Local\Temp\pytest-of-RAJDEEP SINGH\pytest-8\test_create_workspace_env0\envs\test_workspace
2025-11-09T00:07:30.713562+0530 INFO Starting PySpace daemon
2025-11-09T00:07:30.714056+0530 SUCCESS PySpace daemon started
2025-11-09T00:07:30.714347+0530 INFO Auto-activating environment 'test_env'
2025-11-09T00:07:35.715305+0530 INFO Auto-activating environment 'test_env'
2025-11-09T00:07:40.716324+0530 INFO Auto-activating environment 'test_env'
2025-11-09T00:07:45.717372+0530 INFO Auto-activating environment 'test_env'
2025-11-09T00:07:50.718564+0530 INFO Auto-activating environment 'test_env'
2025-11-09T00:07:55.719638+0530 INFO Auto-activating environment 'test_env'
2025-11-09T00:08:00.720646+0530 INFO Auto-activating environment 'test_env'
2025-11-09T00:08:05.721806+0530 INFO Auto-activating environment 'test_env'
2025-11-09T00:08:10.725050+0530 INFO Auto-activating environment 'test_env'
2025-11-09T00:08:15.726069+0530 INFO Auto-activating environment 'test_env'
2025-11-09T00:08:20.727317+0530 INFO Auto-activating environment 'test_env'
2025-11-09T00:08:25.728272+0530 INFO Auto-activating environment 'test_env'
2025-11-09T00:08:30.729153+0530 INFO Auto-activating environment 'test_env'
2025-11-09T00:08:35.730041+0530 INFO Auto-activating environment 'test_env'
2025-11-09T00:08:40.731794+0530 INFO Auto-activating environment 'test_env'
2025-11-09T00:08:45.732798+0530 INFO Auto-activating environment 'test_env'
2025-11-09T00:08:50.733709+0530 INFO Auto-activating environment 'test_env'
2025-11-09T00:08:55.734415+0530 INFO Auto-activating environment 'test_env'
2025-11-09T00:09:00.735410+0530 INFO Auto-activating environment 'test_env'
2025-11-09T00:09:05.736343+0530 INFO Auto-activating environment 'test_env'
2025-11-09T00:09:10.737511+0530 INFO Auto-activating environment 'test_env'
2025-11-09T00:09:15.738305+0530 INFO Auto-activating environment 'test_env'
2025-11-09T00:09:20.739297+0530 INFO Auto-activating environment 'test_env'
2025-11-09T00:09:25.740592+0530 INFO Auto-activating environment 'test_env'
2025-11-09T00:09:30.741846+0530 INFO Auto-activating environment 'test_env'
2025-11-09T00:09:35.742970+0530 INFO Auto-activating environment 'test_env'
2025-11-09T00:09:40.743864+0530 INFO Auto-activating environment 'test_env'
2025-11-09T00:09:45.745179+0530 INFO Auto-activating environment 'test_env'
2025-11-09T00:09:50.746581+0530 INFO Auto-activating environment 'test_env'
2025-11-09T00:09:55.747564+0530 INFO Auto-activating environment 'test_env'
2025-11-09T00:10:00.748784+0530 INFO Auto-activating environment 'test_env'
2025-11-09T00:10:05.750147+0530 INFO Auto-activating environment 'test_env'
2025-11-09T00:10:10.751200+0530 INFO Auto-activating environment 'test_env'
2025-11-09T00:10:15.752320+0530 INFO Auto-activating environment 'test_env'
2025-11-09T00:10:20.753200+0530 INFO Auto-activating environment 'test_env'
2025-11-09T00:10:25.754217+0530 INFO Auto-activating environment 'test_env'
2025-11-09T00:10:30.755345+0530 INFO Auto-activating environment 'test_env'
2025-11-09T00:10:35.756678+0530 INFO Auto-activating environment 'test_env'
2025-11-09T00:10:40.757743+0530 INFO Auto-activating environment 'test_env'
2025-11-09T00:10:45.758788+0530 INFO Auto-activating environment 'test_env'
2025-11-09T00:10:50.759622+0530 INFO Auto-activating environment 'test_env'
2025-11-09T00:10:55.760454+0530 INFO Auto-activating environment 'test_env'
2025-11-09T00:11:00.761459+0530 INFO Auto-activating environment 'test_env'
2025-11-09T00:11:05.762695+0530 INFO Auto-activating environment 'test_env'
2025-11-09T00:11:10.763878+0530 INFO Auto-activating environment 'test_env'
2025-11-09T00:11:15.765059+0530 INFO Auto-activating environment 'test_env'
2025-11-09T00:11:20.765946+0530 INFO Auto-activating environment 'test_env'
2025-11-09T00:11:25.766920+0530 INFO Auto-activating environment 'test_env'
2025-11-09T00:11:30.767990+0530 INFO Auto-activating environment 'test_env'
2025-11-09T00:11:35.769206+0530 INFO Auto-activating environment 'test_env'
2025-11-09T00:11:40.770242+0530 INFO Auto-activating environment 'test_env'
2025-11-09T00:11:45.771428+0530 INFO Auto-activating environment 'test_env'
2025-11-09T00:11:50.772483+0530 INFO Auto-activating environment 'test_env'
2025-11-09T00:11:55.773330+0530 INFO Auto-activating environment 'test_env'
2025-11-09T00:12:00.774544+0530 INFO Auto-activating environment 'test_env'
2025-11-09T00:12:05.775424+0530 INFO Auto-activating environment 'test_env'
2025-11-09T00:12:10.776847+0530 INFO Auto-activating environment 'test_env'
2025-11-09T00:12:15.778083+0530 INFO Auto-activating environment 'test_env'
2025-11-09T00:12:20.778935+0530 INFO Auto-activating environment 'test_env'
2025-11-09T00:12:25.780132+0530 INFO Auto-activating environment 'test_env'
2025-11-09T00:12:30.781407+0530 INFO Auto-activating environment 'test_env'
2025-11-09T00:12:35.782827+0530 INFO Auto-activating environment 'test_env'
2025-11-09T00:12:40.783946+0530 INFO Auto-activating environment 'test_env'
2025-11-09T00:12:45.784937+0530 INFO Auto-activating environment 'test_env'
2025-11-09T00:12:50.785862+0530 INFO Auto-activating environment 'test_env'
2025-11-09T00:12:55.786837+0530 INFO Auto-activating environment 'test_env'
2025-11-09T00:13:00.787959+0530 INFO Auto-activating environment 'test_env'
2025-11-09T00:13:05.788735+0530 INFO Auto-activating environment 'test_env'
2025-11-09T00:13:10.789902+0530 INFO Auto-activating environment 'test_env'
2025-11-09T00:13:15.790749+0530 INFO Auto-activating environment 'test_env'
2025-11-09T00:13:20.791643+0530 INFO Auto-activating environment 'test_env'
2025-11-09T00:13:25.792615+0530 INFO Auto-activating environment 'test_env'
2025-11-09T00:13:30.793274+0530 INFO Auto-activating environment 'test_env'
2025-11-09T00:13:35.794398+0530 INFO Auto-activating environment 'test_env'
2025-11-09T00:13:40.795287+0530 INFO Auto-activating environment 'test_env'
2025-11-09T00:13:45.796524+0530 INFO Auto-activating environment 'test_env'
2025-11-09T00:13:50.797635+0530 INFO Auto-activating environment 'test_env'
2025-11-09T00:13:55.798672+0530 INFO Auto-activating environment 'test_env'
2025-11-09T00:14:00.799514+0530 INFO Auto-activating environment 'test_env'
2025-11-09T00:14:05.800615+0530 INFO Auto-activating environment 'test_env'
2025-11-09T00:14:10.801377+0530 INFO Auto-activating environment 'test_env'
2025-11-09T00:14:15.802309+0530 INFO Auto-activating environment 'test_env'
2025-11-09T00:14:20.803150+0530 INFO Auto-activating environment 'test_env'
2025-11-09T00:14:25.804015+0530 INFO Auto-activating environment 'test_env'
2025-11-09T00:14:30.805104+0530 INFO Auto-activating environment 'test_env'
2025-11-09T00:14:35.806323+0530 INFO Auto-activating environment 'test_env'
2025-11-09T00:14:40.807217+0530 INFO Auto-activating environment 'test_env'
2025-11-09T00:14:45.808626+0530 INFO Auto-activating environment 'test_env'
2025-11-09T00:14:50.809616+0530 INFO Auto-activating environment 'test_env'
2025-11-09T00:14:55.810508+0530 INFO Auto-activating environment 'test_env'
2025-11-09T00:15:00.811516+0530 INFO Auto-activating environment 'test_env'
2025-11-09T00:15:05.812370+0530 INFO Auto-activating environment 'test_env'
2025-11-09T00:15:10.813628+0530 INFO Auto-activating environment 'test_env'
2025-11-09T00:15:15.814708+0530 INFO Auto-activating environment 'test_env'
2025-11-09T00:15:20.816008+0530 INFO Auto-activating environment 'test_env'
2025-11-09T00:15:25.817177+0530 INFO Auto-activating environment 'test_env'
2025-11-09T00:15:30.818102+0530 INFO Auto-activating environment 'test_env'
2025-11-09T00:15:35.819112+0530 INFO Auto-activating environment 'test_env'
2025-11-09T00:15:40.820215+0530 INFO Auto-activating environment 'test_env'
2025-11-09T00:15:45.821004+0530 INFO Auto-activating environment 'test_env'
2025-11-09T00:15:50.822150+0530 INFO Auto-activating environment 'test_env'
2025-11-09T00:15:55.823434+0530 INFO Auto-activating environment 'test_env'
2025-11-09T00:16:00.824173+0530 INFO Auto-activating environment 'test_env'
2025-11-09T00:16:05.825112+0530 INFO Auto-activating environment 'test_env'
2025-11-09T00:16:10.826283+0530 INFO Auto-activating environment 'test_env'
2025-11-09T00:16:15.827157+0530 INFO Auto-activating environment 'test_env'
2025-11-09T00:16:20.828462+0530 INFO Auto-activating environment 'test_env'
2025-11-09T00:16:25.829453+0530 INFO Auto-activating environment 'test_env'
2025-11-09T00:16:30.830254+0530 INFO Auto-activating environment 'test_env'
2025-11-09T00:16:35.830980+0530 INFO Auto-activating environment 'test_env'
2025-11-09T00:16:40.831766+0530 INFO Auto-activating environment 'test_env'
2025-11-09T00:16:45.832845+0530 INFO Auto-activating environment 'test_env'
2025-11-09T00:16:50.833679+0530 INFO Auto-activating environment 'test_env'
2025-11-09T00:16:55.834676+0530 INFO Auto-activating environment 'test_env'
2025-11-09T00:17:00.835906+0530 INFO Auto-activating environment 'test_env'
2025-11-09T00:17:05.836990+0530 INFO Auto-activating environment 'test_env'
2025-11-09T00:17:10.837945+0530 INFO Auto-activating environment 'test_env'
2025-11-09T00:17:15.838969+0530 INFO Auto-activating environment 'test_env'
2025-11-09T00:17:20.840050+0530 INFO Auto-activating environment 'test_env'
2025-11-09T00:17:25.840814+0530 INFO Auto-activating environment 'test_env'
2025-11-09T00:17:30.841522+0530 INFO Auto-activating environment 'test_env'
2025-11-09T00:17:35.842353+0530 INFO Auto-activating environment 'test_env'
2025-11-09T00:17:40.843700+0530 INFO Auto-activating environment 'test_env'
2025-11-09T00:17:45.844420+0530 INFO Auto-activating environment 'test_env'
2025-11-09T00:17:50.845769+0530 INFO Auto-activating environment 'test_env'
2025-11-09T00:17:55.846657+0530 INFO Auto-activating environment 'test_env'
2025-11-09T00:18:00.847218+0530 INFO Auto-activating environment 'test_env'
2025-11-09T00:18:05.848013+0530 INFO Auto-activating environment 'test_env'
2025-11-09T00:18:10.849276+0530 INFO Auto-activating environment 'test_env'
2025-11-09T00:18:15.850790+0530 INFO Auto-activating environment 'test_env'
2025-11-09T00:18:20.851616+0530 INFO Auto-activating environment 'test_env'
2025-11-09T00:18:25.852665+0530 INFO Auto-activating environment 'test_env'
2025-11-09T00:18:30.853584+0530 INFO Auto-activating environment 'test_env'
2025-11-09T00:18:35.854641+0530 INFO Auto-activating environment 'test_env'
2025-11-09T00:18:40.856024+0530 INFO Auto-activating environment 'test_env'
2025-11-09T00:18:45.857496+0530 INFO Auto-activating environment 'test_env'
2025-11-09T00:18:50.858488+0530 INFO Auto-activating environment 'test_env'
2025-11-09T00:18:55.859834+0530 INFO Auto-activating environment 'test_env'
2025-11-09T00:19:00.860972+0530 INFO Auto-activating environment 'test_env'
2025-11-09T00:19:05.862435+0530 INFO Auto-activating environment 'test_env'
2025-11-09T00:19:10.863535+0530 INFO Auto-activating environment 'test_env'
2025-11-09T00:19:15.864953+0530 INFO Auto-activating environment 'test_env'
2025-11-09T00:19:20.865695+0530 INFO Auto-activating environment 'test_env'
2025-11-09T00:19:25.866626+0530 INFO Auto-activating environment 'test_env'
2025-11-09T00:19:30.867487+0530 INFO Auto-activating environment 'test_env'
2025-11-09T00:19:35.868755+0530 INFO Auto-activating environment 'test_env'
2025-11-09T00:19:40.869708+0530 INFO Auto-activating environment 'test_env'
2025-11-09T00:19:45.870604+0530 INFO Auto-activating environment 'test_env'
2025-11-09T00:19:50.871582+0530 INFO Auto-activating environment 'test_env'
2025-11-09T00:19:55.872524+0530 INFO Auto-activating environment 'test_env'
2025-11-09T00:20:00.873400+0530 INFO Auto-activating environment 'test_env'
2025-11-09T00:20:05.874459+0530 INFO Auto-activating environment 'test_env'
2025-11-09T00:20:10.875498+0530 INFO Auto-activating environment 'test_env'
2025-11-09T00:20:15.876394+0530 INFO Auto-activating environment 'test_env'
2025-11-09T00:20:20.877152+0530 INFO Auto-activating environment 'test_env'
2025-11-09T00:20:25.878355+0530 INFO Auto-activating environment 'test_env'
2025-11-09T00:20:30.879331+0530 INFO Auto-activating environment 'test_env'
2025-11-09T00:20:35.880336+0530 INFO Auto-activating environment 'test_env'
2025-11-09T00:20:40.881493+0530 INFO Auto-activating environment 'test_env'
2025-11-09T00:20:45.882447+0530 INFO Auto-activating environment 'test_env'
2025-11-09T00:20:50.883333+0530 INFO Auto-activating environment 'test_env'
2025-11-09T00:20:55.884599+0530 INFO Auto-activating environment 'test_env'
2025-11-09T00:21:00.885388+0530 INFO Auto-activating environment 'test_env'
2025-11-09T00:21:05.886926+0530 INFO Auto-activating environment 'test_env'
2025-11-09T00:21:10.888230+0530 INFO Auto-activating environment 'test_env'
2025-11-09T00:21:15.889894+0530 INFO Auto-activating environment 'test_env'
2025-11-09T00:21:20.890976+0530 INFO Auto-activating environment 'test_env'
2025-11-09T00:21:25.891719+0530 INFO Auto-activating environment 'test_env'
2025-11-09T00:21:30.892828+0530 INFO Auto-activating environment 'test_env'
2025-11-09T00:21:35.893605+0530 INFO Auto-activating environment 'test_env'
2025-11-09T00:21:40.894774+0530 INFO Auto-activating environment 'test_env'
2025-11-09T00:21:45.895834+0530 INFO Auto-activating environment 'test_env'
2025-11-09T00:21:50.896962+0530 INFO Auto-activating environment 'test_env'
2025-11-09T00:21:55.898086+0530 INFO Auto-activating environment 'test_env'
2025-11-09T00:22:00.899002+0530 INFO Auto-activating environment 'test_env'
2025-11-09T00:22:05.900266+0530 INFO Auto-activating environment 'test_env'
2025-11-09T00:22:10.901209+0530 INFO Auto-activating environment 'test_env'
2025-11-09T00:22:15.902525+0530 INFO Auto-activating environment 'test_env'
2025-11-09T00:22:20.903350+0530 INFO Auto-activating environment 'test_env'
2025-11-09T00:22:25.904284+0530 INFO Auto-activating environment 'test_env'
2025-11-09T00:22:30.905447+0530 INFO Auto-activating environment 'test_env'
2025-11-09T00:22:35.906489+0530 INFO Auto-activating environment 'test_env'
2025-11-09T00:22:40.907483+0530 INFO Auto-activating environment 'test_env'
2025-11-09T00:22:45.908804+0530 INFO Auto-activating environment 'test_env'
2025-11-09T00:22:50.909956+0530 INFO Auto-activating environment 'test_env'
2025-11-09T00:26:57.191923+0530 INFO Starting PySpace daemon
2025-11-09T00:26:57.192432+0530 SUCCESS PySpace daemon started
2025-11-09T00:26:57.192744+0530 INFO Auto-activating environment 'test_env'
2025-11-09T00:27:02.193570+0530 INFO Auto-activating environment 'test_env'
2025-11-09T00:27:07.194605+0530 INFO Auto-activating environment 'test_env'
2025-11-09T00:27:12.195881+0530 INFO Auto-activating environment 'test_env'
2025-11-09T00:27:17.196904+0530 INFO Auto-activating environment 'test_env'
2025-11-09T00:27:22.198015+0530 INFO Auto-activating environment 'test_env'
2025-11-09T00:27:27.199054+0530 INFO Auto-activating environment 'test_env'
2025-11-09T00:27:32.200523+0530 INFO Auto-activating environment 'test_env'
2025-11-09T00:27:37.203536+0530 INFO Auto-activating environment 'test_env'
2025-11-09T00:27:42.204559+0530 INFO Auto-activating environment 'test_env'
2025-11-09T00:27:47.205310+0530 INFO Auto-activating environment 'test_env'
2025-11-09T00:27:52.206317+0530 INFO Auto-activating environment 'test_env'
2025-11-09T00:27:57.207397+0530 INFO Auto-activating environment 'test_env'
2025-11-09T00:28:02.208565+0530 INFO Auto-activating environment 'test_env'
2025-11-09T00:28:07.209694+0530 INFO Auto-activating environment 'test_env'
2025-11-09T00:28:12.210649+0530 INFO Auto-activating environment 'test_env'
2025-11-09T00:28:17.211521+0530 INFO Auto-activating environment 'test_env'
2025-11-09T00:28:22.212547+0530 INFO Auto-activating environment 'test_env'
2025-11-09T00:28:27.213970+0530 INFO Auto-activating environment 'test_env'
2025-11-09T00:28:32.214877+0530 INFO Auto-activating environment 'test_env'
2025-11-09T00:28:37.216039+0530 INFO Auto-activating environment 'test_env'
2025-11-09T00:28:42.217123+0530 INFO Auto-activating environment 'test_env'
2025-11-09T00:28:47.218386+0530 INFO Auto-activating environment 'test_env'
2025-11-09T00:28:52.219407+0530 INFO Auto-activating environment 'test_env'
2025-11-09T00:28:57.220547+0530 INFO Auto-activating environment 'test_env'
2025-11-09T00:29:02.222054+0530 INFO Auto-activating environment 'test_env'
2025-11-09T00:29:07.223101+0530 INFO Auto-activating environment 'test_env'
2025-11-09T00:29:12.224246+0530 INFO Auto-activating environment 'test_env'
2025-11-09T00:29:17.225382+0530 INFO Auto-activating environment 'test_env'
2025-11-09T00:29:22.226667+0530 INFO Auto-activating environment 'test_env'
2025-11-09T00:29:27.227784+0530 INFO Auto-activating environment 'test_env'
2025-11-09T00:29:32.228802+0530 INFO Auto-activating environment 'test_env'
2025-11-09T00:29:37.230053+0530 INFO Auto-activating environment 'test_env'
2025-11-09T00:29:42.230769+0530 INFO Auto-activating environment 'test_env'
2025-11-09T00:29:47.231539+0530 INFO Auto-activating environment 'test_env'
2025-11-09T00:29:52.232570+0530 INFO Auto-activating environment 'test_env'
2025-11-09T00:29:57.233773+0530 INFO Auto-activating environment 'test_env'
2025-11-09T00:30:02.234616+0530 INFO Auto-activating environment 'test_env'
2025-11-09T00:30:07.235692+0530 INFO Auto-activating environment 'test_env'
2025-11-09T00:30:12.236692+0530 INFO Auto-activating environment 'test_env'
2025-11-09T00:30:17.237901+0530 INFO Auto-activating environment 'test_env'
2025-11-09T00:30:22.238962+0530 INFO Auto-activating environment 'test_env'
2025-11-09T00:30:27.240069+0530 INFO Auto-activating environment 'test_env'
2025-11-09T00:30:32.241040+0530 INFO Auto-activating environment 'test_env'
2025-11-09T00:30:37.242043+0530 INFO Auto-activating environment 'test_env'
2025-11-09T00:30:42.242885+0530 INFO Auto-activating environment 'test_env'
2025-11-09T00:30:47.243952+0530 INFO Auto-activating environment 'test_env'
2025-11-09T00:30:52.244875+0530 INFO Auto-activating environment 'test_env'
2025-11-09T00:30:57.245838+0530 INFO Auto-activating environment 'test_env'
2025-11-09T00:31:02.246914+0530 INFO Auto-activating environment 'test_env'
2025-11-09T00:31:07.248206+0530 INFO Auto-activating environment 'test_env'
2025-11-09T00:31:12.249148+0530 INFO Auto-activating environment 'test_env'
2025-11-09T00:31:17.250541+0530 INFO Auto-activating environment 'test_env'
2025-11-09T00:31:22.251589+0530 INFO Auto-activating environment 'test_env'
2025-11-09T00:31:27.252880+0530 INFO Auto-activating environment 'test_env'
2025-11-09T00:31:32.254093+0530 INFO Auto-activating environment 'test_env'
2025-11-09T00:31:37.254994+0530 INFO Auto-activating environment 'test_env'
2025-11-09T00:31:42.256399+0530 INFO Auto-activating environment 'test_env'
2025-11-09T00:37:54.454844+0530 INFO Starting PySpace daemon
2025-11-09T00:37:54.455413+0530 SUCCESS PySpace daemon started
2025-11-09T00:37:54.455747+0530 INFO Auto-activating environment 'test_env'
2025-11-09T00:37:59.456527+0530 INFO Auto-activating environment 'test_env'
2025-11-09T00:38:04.457914+0530 INFO Auto-activating environment 'test_env'
2025-11-09T00:38:09.459056+0530 INFO Auto-activating environment 'test_env'
2025-11-09T00:38:14.460080+0530 INFO Auto-activating environment 'test_env'
2025-11-09T00:38:19.461463+0530 INFO Auto-activating environment 'test_env'
2025-11-09T00:38:24.462705+0530 INFO Auto-activating environment 'test_env'
2025-11-09T00:38:29.463582+0530 INFO Auto-activating environment 'test_env'
2025-11-09T00:38:34.465970+0530 INFO Auto-activating environment 'test_env'
2025-11-09T00:38:39.466928+0530 INFO Auto-activating environment 'test_env'
2025-11-09T00:38:44.468162+0530 INFO Auto-activating environment 'test_env'
2025-11-09T00:38:49.469785+0530 INFO Auto-activating environment 'test_env'
2025-11-09T00:38:54.471255+0530 INFO Auto-activating environment 'test_env'
2025-11-09T00:38:59.472268+0530 INFO Auto-activating environment 'test_env'
2025-11-09T00:39:04.473275+0530 INFO Auto-activating environment 'test_env'
2025-11-09T00:39:09.474501+0530 INFO Auto-activating environment 'test_env'
2025-11-09T00:39:14.475669+0530 INFO Auto-activating environment 'test_env'
2025-11-09T00:39:19.476764+0530 INFO Auto-activating environment 'test_env'
2025-11-09T00:39:24.477625+0530 INFO Auto-activating environment 'test_env'
2025-11-09T00:39:29.478593+0530 INFO Auto-activating environment 'test_env'
2025-11-09T00:39:34.479632+0530 INFO Auto-activating environment 'test_env'
2025-11-09T00:39:39.480735+0530 INFO Auto-activating environment 'test_env'
2025-11-09T00:39:44.482131+0530 INFO Auto-activating environment 'test_env'
2025-11-09T00:39:49.484114+0530 INFO Auto-activating environment 'test_env'
2025-11-09T00:39:54.485099+0530 INFO Auto-activating environment 'test_env'
2025-11-09T00:39:59.486043+0530 INFO Auto-activating environment 'test_env'
2025-11-09T00:40:04.486982+0530 INFO Auto-activating environment 'test_env'
2025-11-09T00:40:09.488181+0530 INFO Auto-activating environment 'test_env'
2025-11-09T00:40:14.489407+0530 INFO Auto-activating environment 'test_env'
2025-11-09T00:40:19.490655+0530 INFO Auto-activating environment 'test_env'
2025-11-09T00:40:24.491553+0530 INFO Auto-activating environment 'test_env'
2025-11-09T00:40:29.492498+0530 INFO Auto-activating environment 'test_env'
2025-11-09T00:40:34.494204+0530 INFO Auto-activating environment 'test_env'
2025-11-09T00:40:39.495635+0530 INFO Auto-activating environment 'test_env'
2025-11-09T00:40:44.496961+0530 INFO Auto-activating environment 'test_env'
2025-11-09T00:40:49.498289+0530 INFO Auto-activating environment 'test_env'
2025-11-09T00:40:54.499581+0530 INFO Auto-activating environment 'test_env'
2025-11-09T00:40:59.500658+0530 INFO Auto-activating environment 'test_env'
2025-11-09T00:41:04.501581+0530 INFO Auto-activating environment 'test_env'
2025-11-09T00:41:09.502441+0530 INFO Auto-activating environment 'test_env'
2025-11-09T00:41:14.503770+0530 INFO Auto-activating environment 'test_env'
2025-11-09T00:41:19.504754+0530 INFO Auto-activating environment 'test_env'
2025-11-09T00:41:24.505886+0530 INFO Auto-activating environment 'test_env'
2025-11-09T00:41:29.507616+0530 INFO Auto-activating environment 'test_env'
2025-11-09T00:41:34.508699+0530 INFO Auto-activating environment 'test_env'
2025-11-09T00:41:39.509689+0530 INFO Auto-activating environment 'test_env'
2025-11-09T00:41:44.510716+0530 INFO Auto-activating environment 'test_env'
2025-11-09T00:41:49.511747+0530 INFO Auto-activating environment 'test_env'
2025-11-09T00:41:54.513072+0530 INFO Auto-activating environment 'test_env'
2025-11-09T00:41:59.514554+0530 INFO Auto-activating environment 'test_env'
2025-11-09T00:42:04.515916+0530 INFO Auto-activating environment 'test_env'
2025-11-09T00:42:09.517365+0530 INFO Auto-activating environment 'test_env'
2025-11-09T00:42:14.518310+0530 INFO Auto-activating environment 'test_env'
2025-11-09T00:42:19.519970+0530 INFO Auto-activating environment 'test_env'
2025-11-09T00:42:24.521006+0530 INFO Auto-activating environment 'test_env'
2025-11-09T00:42:29.521972+0530 INFO Auto-activating environment 'test_env'
2025-11-09T00:42:34.523271+0530 INFO Auto-activating environment 'test_env'
2025-11-09T00:42:39.524300+0530 INFO Auto-activating environment 'test_env'
2025-11-09T00:42:44.525186+0530 INFO Auto-activating environment 'test_env'
2025-11-09T00:42:49.526110+0530 INFO Auto-activating environment 'test_env'
2025-11-09T00:42:54.527089+0530 INFO Auto-activating environment 'test_env'
2025-11-09T00:42:59.528165+0530 INFO Auto-activating environment 'test_env'
2025-11-09T00:43:04.529320+0530 INFO Auto-activating environment 'test_env'
2025-11-09T00:43:09.530560+0530 INFO Auto-activating environment 'test_env'
2025-11-09T00:43:14.531735+0530 INFO Auto-activating environment 'test_env'
2025-11-09T00:43:19.533097+0530 INFO Auto-activating environment 'test_env'
2025-11-09T00:43:24.534364+0530 INFO Auto-activating environment 'test_env'
2025-11-09T00:43:29.535782+0530 INFO Auto-activating environment 'test_env'
2025-11-09T00:43:34.536975+0530 INFO Auto-activating environment 'test_env'
2025-11-09T00:43:39.538022+0530 INFO Auto-activating environment 'test_env'
2025-11-09T00:43:44.539439+0530 INFO Auto-activating environment 'test_env'
2025-11-09T00:43:49.540864+0530 INFO Auto-activating environment 'test_env'
2025-11-09T00:43:54.541920+0530 INFO Auto-activating environment 'test_env'
2025-11-09T00:43:59.543040+0530 INFO Auto-activating environment 'test_env'
2025-11-09T00:44:04.544527+0530 INFO Auto-activating environment 'test_env'
2025-11-09T00:44:09.545691+0530 INFO Auto-activating environment 'test_env'
2025-11-09T00:44:14.546735+0530 INFO Auto-activating environment 'test_env'
2025-11-09T00:44:19.548149+0530 INFO Auto-activating environment 'test_env'
2025-11-09T00:44:24.548927+0530 INFO Auto-activating environment 'test_env'
2025-11-09T00:44:29.549999+0530 INFO Auto-activating environment 'test_env'
2025-11-09T00:44:34.551056+0530 INFO Auto-activating environment 'test_env'
2025-11-09T00:44:39.552023+0530 INFO Auto-activating environment 'test_env'
2025-11-09T00:44:44.553421+0530 INFO Auto-activating environment 'test_env'
2025-11-09T00:44:49.554444+0530 INFO Auto-activating environment 'test_env'
2025-11-09T00:44:54.555219+0530 INFO Auto-activating environment 'test_env'
2025-11-09T00:44:59.556269+0530 INFO Auto-activating environment 'test_env'
2025-11-09T00:45:04.557734+0530 INFO Auto-activating environment 'test_env'
2025-11-09T00:45:09.558741+0530 INFO Auto-activating environment 'test_env'
2025-11-09T00:45:14.559837+0530 INFO Auto-activating environment 'test_env'
2025-11-09T00:45:19.560930+0530 INFO Auto-activating environment 'test_env'
2025-11-09T00:45:24.561821+0530 INFO Auto-activating environment 'test_env'
2025-11-09T00:45:29.562920+0530 INFO Auto-activating environment 'test_env'
2025-11-09T00:45:34.564238+0530 INFO Auto-activating environment 'test_env'
2025-11-09T00:45:39.565727+0530 INFO Auto-activating environment 'test_env'
2025-11-09T00:45:44.567243+0530 INFO Auto-activating environment 'test_env'
2025-11-09T00:45:49.568661+0530 INFO Auto-activating environment 'test_env'
2025-11-09T00:45:54.570777+0530 INFO Auto-activating environment 'test_env'
2025-11-09T00:45:59.571701+0530 INFO Auto-activating environment 'test_env'
2025-11-09T00:46:04.572786+0530 INFO Auto-activating environment 'test_env'
2025-11-09T00:46:09.573619+0530 INFO Auto-activating environment 'test_env'
2025-11-09T00:46:14.574569+0530 INFO Auto-activating environment 'test_env'
2025-11-09T00:46:19.576106+0530 INFO Auto-activating environment 'test_env'
2025-11-09T00:46:24.577324+0530 INFO Auto-activating environment 'test_env'
2025-11-09T00:46:29.578146+0530 INFO Auto-activating environment 'test_env'
2025-11-09T00:46:34.579125+0530 INFO Auto-activating environment 'test_env'
2025-11-09T00:46:39.580362+0530 INFO Auto-activating environment 'test_env'
2025-11-09T00:46:44.581715+0530 INFO Auto-activating environment 'test_env'
2025-11-09T00:46:49.583100+0530 INFO Auto-activating environment 'test_env'
2025-11-09T00:46:54.584187+0530 INFO Auto-activating environment 'test_env'
2025-11-09T00:46:59.585508+0530 INFO Auto-activating environment 'test_env'
2025-11-09T00:47:04.586906+0530 INFO Auto-activating environment 'test_env'
2025-11-09T00:47:09.588001+0530 INFO Auto-activating environment 'test_env'
2025-11-09T00:47:14.588879+0530 INFO Auto-activating environment 'test_env'
2025-11-09T00:47:19.590272+0530 INFO Auto-activating environment 'test_env'
2025-11-09T00:47:24.591701+0530 INFO Auto-activating environment 'test_env'
2025-11-09T00:47:29.593568+0530 INFO Auto-activating environment 'test_env'
2025-11-09T00:47:34.594736+0530 INFO Auto-activating environment 'test_env'
2025-11-09T00:47:39.596060+0530 INFO Auto-activating environment 'test_env'
2025-11-09T00:47:44.597421+0530 INFO Auto-activating environment 'test_env'
2025-11-09T00:47:49.598498+0530 INFO Auto-activating environment 'test_env'
2025-11-09T00:47:54.599609+0530 INFO Auto-activating environment 'test_env'
2025-11-09T00:47:59.601028+0530 INFO Auto-activating environment 'test_env'
2025-11-09T00:48:04.602448+0530 INFO Auto-activating environment 'test_env'
2025-11-09T00:48:09.603578+0530 INFO Auto-activating environment 'test_env'
2025-11-09T00:48:14.604630+0530 INFO Auto-activating environment 'test_env'
2025-11-09T00:48:19.605359+0530 INFO Auto-activating environment 'test_env'
2025-11-09T00:48:24.606469+0530 INFO Auto-activating environment 'test_env'
2025-11-09T00:48:29.607740+0530 INFO Auto-activating environment 'test_env'
2025-11-09T00:48:34.609203+0530 INFO Auto-activating environment 'test_env'
2025-11-09T00:48:39.610379+0530 INFO Auto-activating environment 'test_env'
2025-11-09T00:48:44.611692+0530 INFO Auto-activating environment 'test_env'
2025-11-09T00:48:49.612868+0530 INFO Auto-activating environment 'test_env'
2025-11-09T00:48:54.613963+0530 INFO Auto-activating environment 'test_env'
2025-11-09T00:48:59.615064+0530 INFO Auto-activating environment 'test_env'
2025-11-09T00:49:04.616192+0530 INFO Auto-activating environment 'test_env'
2025-11-09T00:49:09.617931+0530 INFO Auto-activating environment 'test_env'
2025-11-09T00:49:14.619133+0530 INFO Auto-activating environment 'test_env'
2025-11-09T00:49:19.620045+0530 INFO Auto-activating environment 'test_env'
2025-11-09T00:49:24.621143+0530 INFO Auto-activating environment 'test_env'
2025-11-09T00:49:29.621980+0530 INFO Auto-activating environment 'test_env'
2025-11-09T00:49:34.622955+0530 INFO Auto-activating environment 'test_env'
2025-11-09T00:49:39.624061+0530 INFO Auto-activating environment 'test_env'
2025-11-09T00:49:44.624989+0530 INFO Auto-activating environment 'test_env'
2025-11-09T00:49:49.625889+0530 INFO Auto-activating environment 'test_env'
2025-11-09T00:49:54.627213+0530 INFO Auto-activating environment 'test_env'
2025-11-09T00:49:59.628602+0530 INFO Auto-activating environment 'test_env'
2025-11-09T00:50:04.629377+0530 INFO Auto-activating environment 'test_env'
2025-11-09T00:50:09.630559+0530 INFO Auto-activating environment 'test_env'
2025-11-09T00:50:14.631923+0530 INFO Auto-activating environment 'test_env'
2025-11-09T00:50:19.633351+0530 INFO Auto-activating environment 'test_env'
2025-11-09T00:50:24.634367+0530 INFO Auto-activating environment 'test_env'
2025-11-09T00:50:29.635090+0530 INFO Auto-activating environment 'test_env'
2025-11-09T00:50:34.636175+0530 INFO Auto-activating environment 'test_env'
2025-11-09T00:50:39.637372+0530 INFO Auto-activating environment 'test_env'
2025-11-09T00:50:44.638565+0530 INFO Auto-activating environment 'test_env'
2025-11-09T00:50:49.639843+0530 INFO Auto-activating environment 'test_env'
2025-11-09T00:50:54.640915+0530 INFO Auto-activating environment 'test_env'
2025-11-09T00:50:59.642477+0530 INFO Auto-activating environment 'test_env'
2025-11-09T00:51:04.643718+0530 INFO Auto-activating environment 'test_env'
2025-11-09T00:51:09.645128+0530 INFO Auto-activating environment 'test_env'
2025-11-09T00:51:14.646239+0530 INFO Auto-activating environment 'test_env'
2025-11-09T00:51:19.647044+0530 INFO Auto-activating environment 'test_env'
2025-11-09T00:51:24.648334+0530 INFO Auto-activating environment 'test_env'
2025-11-09T00:51:29.649502+0530 INFO Auto-activating environment 'test_env'
2025-11-09T00:51:34.650510+0530 INFO Auto-activating environment 'test_env'
2025-11-09T00:51:39.651740+0530 INFO Auto-activating environment 'test_env'
2025-11-09T00:51:44.652955+0530 INFO Auto-activating environment 'test_env'
2025-11-09T00:51:49.653908+0530 INFO Auto-activating environment 'test_env'
2025-11-09T00:51:54.654752+0530 INFO Auto-activating environment 'test_env'
2025-11-09T00:51:59.656066+0530 INFO Auto-activating environment 'test_env'
2025-11-09T00:52:04.657156+0530 INFO Auto-activating environment 'test_env'
2025-11-09T00:52:09.658015+0530 INFO Auto-activating environment 'test_env'
2025-11-09T00:52:14.659343+0530 INFO Auto-activating environment 'test_env'
2025-11-09T00:52:19.660662+0530 INFO Auto-activating environment 'test_env'
2025-11-09T00:52:24.661861+0530 INFO Auto-activating environment 'test_env'
2025-11-09T00:52:29.663322+0530 INFO Auto-activating environment 'test_env'
2025-11-09T00:52:34.664409+0530 INFO Auto-activating environment 'test_env'
2025-11-09T00:52:39.665744+0530 INFO Auto-activating environment 'test_env'
2025-11-09T00:52:44.667480+0530 INFO Auto-activating environment 'test_env'
2025-11-09T00:52:49.668904+0530 INFO Auto-activating environment 'test_env'
2025-11-09T00:52:54.669663+0530 INFO Auto-activating environment 'test_env'
2025-11-09T00:52:59.670544+0530 INFO Auto-activating environment 'test_env'
2025-11-09T00:53:04.671508+0530 INFO Auto-activating environment 'test_env'
2025-11-09T00:53:09.672296+0530 INFO Auto-activating environment 'test_env'
2025-11-09T00:53:14.673083+0530 INFO Auto-activating environment 'test_env'
2025-11-09T00:53:19.673965+0530 INFO Auto-activating environment 'test_env'
2025-11-09T00:53:24.675117+0530 INFO Auto-activating environment 'test_env'
2025-11-09T00:53:29.676480+0530 INFO Auto-activating environment 'test_env'
2025-11-09T00:53:34.677828+0530 INFO Auto-activating environment 'test_env'
2025-11-09T00:53:39.679086+0530 INFO Auto-activating environment 'test_env'
2025-11-09T00:53:44.680372+0530 INFO Auto-activating environment 'test_env'
2025-11-09T00:53:49.681235+0530 INFO Auto-activating environment 'test_env'
2025-11-09T00:53:54.681987+0530 INFO Auto-activating environment 'test_env'
2025-11-09T00:53:59.682767+0530 INFO Auto-activating environment 'test_env'
2025-11-09T00:54:04.683691+0530 INFO Auto-activating environment 'test_env'
2025-11-09T00:54:09.684740+0530 INFO Auto-activating environment 'test_env'
2025-11-09T00:54:14.686088+0530 INFO Auto-activating environment 'test_env'
2025-11-09T00:54:19.687131+0530 INFO Auto-activating environment 'test_env'
2025-11-09T00:54:24.688171+0530 INFO Auto-activating environment 'test_env'
2025-11-09T00:54:59.881827+0530 INFO Starting PySpace daemon
2025-11-09T00:54:59.882397+0530 SUCCESS PySpace daemon started
2025-11-09T00:54:59.882762+0530 INFO Auto-activating environment 'test_env'
2025-11-09T00:55:04.883756+0530 INFO Auto-activating environment 'test_env'
2025-11-09T00:55:09.884765+0530 INFO Auto-activating environment 'test_env'
2025-11-09T00:55:14.885750+0530 INFO Auto-activating environment 'test_env'
2025-11-09T00:55:19.886796+0530 INFO Auto-activating environment 'test_env'
2025-11-09T00:55:24.887862+0530 INFO Auto-activating environment 'test_env'
2025-11-09T00:55:29.889452+0530 INFO Auto-activating environment 'test_env'
2025-11-09T00:55:34.890697+0530 INFO Auto-activating environment 'test_env'
2025-11-09T00:55:39.892670+0530 INFO Auto-activating environment 'test_env'
2025-11-09T00:55:44.893938+0530 INFO Auto-activating environment 'test_env'
2025-11-09T00:55:49.895064+0530 INFO Auto-activating environment 'test_env'
2025-11-09T00:55:54.896432+0530 INFO Auto-activating environment 'test_env'
2025-11-09T00:55:59.897699+0530 INFO Auto-activating environment 'test_env'
2025-11-09T00:56:04.898657+0530 INFO Auto-activating environment 'test_env'
2025-11-09T00:56:09.900239+0530 INFO Auto-activating environment 'test_env'
2025-11-09T00:56:14.901067+0530 INFO Auto-activating environment 'test_env'
2025-11-09T00:56:19.902121+0530 INFO Auto-activating environment 'test_env'
2025-11-09T00:56:24.903148+0530 INFO Auto-activating environment 'test_env'
2025-11-09T00:56:29.904233+0530 INFO Auto-activating environment 'test_env'
2025-11-09T00:56:34.905052+0530 INFO Auto-activating environment 'test_env'
2025-11-09T00:56:39.905960+0530 INFO Auto-activating environment 'test_env'
2025-11-09T00:56:44.907274+0530 INFO Auto-activating environment 'test_env'
2025-11-09T00:56:49.908550+0530 INFO Auto-activating environment 'test_env'
2025-11-09T00:56:54.909878+0530 INFO Auto-activating environment 'test_env'
2025-11-09T00:56:59.911003+0530 INFO Auto-activating environment 'test_env'
2025-11-09T00:57:04.912618+0530 INFO Auto-activating environment 'test_env'
2025-11-09T00:57:09.913700+0530 INFO Auto-activating environment 'test_env'
2025-11-09T00:57:14.914827+0530 INFO Auto-activating environment 'test_env'
2025-11-09T00:57:19.916008+0530 INFO Auto-activating environment 'test_env'
2025-11-09T00:57:24.917208+0530 INFO Auto-activating environment 'test_env'
2025-11-09T00:57:29.918450+0530 INFO Auto-activating environment 'test_env'
2025-11-09T00:57:34.919500+0530 INFO Auto-activating environment 'test_env'
2025-11-09T00:57:39.920488+0530 INFO Auto-activating environment 'test_env'
2025-11-09T00:57:44.921573+0530 INFO Auto-activating environment 'test_env'
2025-11-09T00:57:49.922840+0530 INFO Auto-activating environment 'test_env'
2025-11-09T00:57:54.924525+0530 INFO Auto-activating environment 'test_env'
2025-11-09T00:57:59.925745+0530 INFO Auto-activating environment 'test_env'
2025-11-09T00:58:04.926812+0530 INFO Auto-activating environment 'test_env'
2025-11-09T00:58:09.927707+0530 INFO Auto-activating environment 'test_env'
2025-11-09T00:58:14.928887+0530 INFO Auto-activating environment 'test_env'
2025-11-09T00:58:19.930082+0530 INFO Auto-activating environment 'test_env'
2025-11-09T00:58:24.930732+0530 INFO Auto-activating environment 'test_env'
2025-11-09T00:58:29.931579+0530 INFO Auto-activating environment 'test_env'
2025-11-09T00:58:34.932967+0530 INFO Auto-activating environment 'test_env'
2025-11-09T00:58:39.934119+0530 INFO Auto-activating environment 'test_env'
2025-11-09T00:58:44.935042+0530 INFO Auto-activating environment 'test_env'
2025-11-09T00:58:49.936337+0530 INFO Auto-activating environment 'test_env'
2025-11-09T00:58:54.937549+0530 INFO Auto-activating environment 'test_env'
2025-11-09T00:58:59.938715+0530 INFO Auto-activating environment 'test_env'
2025-11-09T00:59:04.940140+0530 INFO Auto-activating environment 'test_env'
2025-11-09T00:59:09.941274+0530 INFO Auto-activating environment 'test_env'
2025-11-09T00:59:14.942964+0530 INFO Auto-activating environment 'test_env'
2025-11-09T00:59:19.944480+0530 INFO Auto-activating environment 'test_env'
2025-11-09T01:00:30.635858+0530 INFO Starting PySpace daemon
2025-11-09T01:00:30.637836+0530 SUCCESS PySpace daemon started
2025-11-09T01:00:30.638968+0530 INFO Auto-activating environment 'test_env'
2025-11-09T01:00:35.640687+0530 INFO Auto-activating environment 'test_env'
2025-11-09T01:00:40.642002+0530 INFO Auto-activating environment 'test_env'
2025-11-09T01:00:45.643759+0530 INFO Auto-activating environment 'test_env'
2025-11-09T01:00:50.645943+0530 INFO Auto-activating environment 'test_env'
2025-11-09T01:00:55.647550+0530 INFO Auto-activating environment 'test_env'
2025-11-09T01:01:00.649056+0530 INFO Auto-activating environment 'test_env'
2025-11-09T01:01:05.650706+0530 INFO Auto-activating environment 'test_env'
2025-11-09T01:01:10.654725+0530 INFO Auto-activating environment 'test_env'
2025-11-09T01:01:15.657923+0530 INFO Auto-activating environment 'test_env'
2025-11-09T01:01:20.659673+0530 INFO Auto-activating environment 'test_env'
2025-11-09T01:01:25.661344+0530 INFO Auto-activating environment 'test_env'
2025-11-09T01:01:30.663079+0530 INFO Auto-activating environment 'test_env'
2025-11-09T01:01:35.664645+0530 INFO Auto-activating environment 'test_env'
2025-11-09T01:01:40.666489+0530 INFO Auto-activating environment 'test_env'
2025-11-09T01:01:45.667945+0530 INFO Auto-activating environment 'test_env'
2025-11-09T01:01:50.670489+0530 INFO Auto-activating environment 'test_env'
2025-11-09T01:01:55.672059+0530 INFO Auto-activating environment 'test_env'
2025-11-09T01:02:00.673610+0530 INFO Auto-activating environment 'test_env'
2025-11-09T01:02:05.675287+0530 INFO Auto-activating environment 'test_env'
2025-11-09T01:02:10.677016+0530 INFO Auto-activating environment 'test_env'
2025-11-09T01:02:15.680284+0530 INFO Auto-activating environment 'test_env'
2025-11-09T01:02:20.681918+0530 INFO Auto-activating environment 'test_env'
2025-11-09T01:02:25.683804+0530 INFO Auto-activating environment 'test_env'
2025-11-09T01:02:30.685656+0530 INFO Auto-activating environment 'test_env'
2025-11-09T01:02:35.687437+0530 INFO Auto-activating environment 'test_env'
2025-11-09T01:02:40.689411+0530 INFO Auto-activating environment 'test_env'
2025-11-09T01:02:45.690800+0530 INFO Auto-activating environment 'test_env'
2025-11-09T01:02:50.692116+0530 INFO Auto-activating environment 'test_env'
2025-11-09T01:02:55.693380+0530 INFO Auto-activating environment 'test_env'
2025-11-09T01:03:00.694657+0530 INFO Auto-activating environment 'test_env'
2025-11-09T01:03:05.696130+0530 INFO Auto-activating environment 'test_env'
2025-11-09T01:03:10.697457+0530 INFO Auto-activating environment 'test_env'
2025-11-09T01:03:15.698795+0530 INFO Auto-activating environment 'test_env'
2025-11-09T01:03:20.700617+0530 INFO Auto-activating environment 'test_env'
2025-11-09T01:03:25.703097+0530 INFO Auto-activating environment 'test_env'
2025-11-09T01:03:30.704982+0530 INFO Auto-activating environment 'test_env'
2025-11-09T01:03:35.706836+0530 INFO Auto-activating environment 'test_env'
2025-11-09T01:03:40.708817+0530 INFO Auto-activating environment 'test_env'
2025-11-09T01:03:45.710529+0530 INFO Auto-activating environment 'test_env'
2025-11-09T01:03:50.711932+0530 INFO Auto-activating environment 'test_env'
2025-11-09T01:03:55.713576+0530 INFO Auto-activating environment 'test_env'
2025-11-09T01:04:00.715541+0530 INFO Auto-activating environment 'test_env'
2025-11-09T01:04:05.717260+0530 INFO Auto-activating environment 'test_env'
2025-11-09T01:04:10.718620+0530 INFO Auto-activating environment 'test_env'
2025-11-09T01:04:15.720898+0530 INFO Auto-activating environment 'test_env'
2025-11-09T01:04:20.725676+0530 INFO Auto-activating environment 'test_env'
2025-11-09T01:04:25.727714+0530 INFO Auto-activating environment 'test_env'
2025-11-09T01:04:30.729674+0530 INFO Auto-activating environment 'test_env'
2025-11-09T01:04:35.731544+0530 INFO Auto-activating environment 'test_env'
2025-11-09T01:04:40.733727+0530 INFO Auto-activating environment 'test_env'
2025-11-09T01:04:45.735426+0530 INFO Auto-activating environment 'test_env'
2025-11-09T01:04:50.737111+0530 INFO Auto-activating environment 'test_env'
2025-11-09T01:04:55.738826+0530 INFO Auto-activating environment 'test_env'
2025-11-09T01:05:00.741867+0530 INFO Auto-activating environment 'test_env'
2025-11-09T01:05:05.744054+0530 INFO Auto-activating environment 'test_env'
2025-11-09T01:05:10.746034+0530 INFO Auto-activating environment 'test_env'
2025-11-09T01:05:15.747754+0530 INFO Auto-activating environment 'test_env'
2025-11-09T01:05:20.750315+0530 INFO Auto-activating environment 'test_env'
2025-11-09T01:05:25.752566+0530 INFO Auto-activating environment 'test_env'
2025-11-09T01:05:30.755334+0530 INFO Auto-activating environment 'test_env'
2025-11-09T01:05:35.757372+0530 INFO Auto-activating environment 'test_env'
2025-11-09T01:05:40.759340+0530 INFO Auto-activating environment 'test_env'
2025-11-09T01:05:45.761254+0530 INFO Auto-activating environment 'test_env'
2025-11-09T01:05:50.762856+0530 INFO Auto-activating environment 'test_env'
2025-11-09T01:05:55.764887+0530 INFO Auto-activating environment 'test_env'
2025-11-09T01:06:00.766569+0530 INFO Auto-activating environment 'test_env'
2025-11-09T01:06:05.768240+0530 INFO Auto-activating environment 'test_env'
2025-11-09T01:06:10.769532+0530 INFO Auto-activating environment 'test_env'
2025-11-09T01:06:15.771148+0530 INFO Auto-activating environment 'test_env'
2025-11-09T01:06:20.772727+0530 INFO Auto-activating environment 'test_env'
2025-11-09T01:06:25.774052+0530 INFO Auto-activating environment 'test_env'
2025-11-09T01:06:30.775591+0530 INFO Auto-activating environment 'test_env'
2025-11-09T01:06:35.777011+0530 INFO Auto-activating environment 'test_env'
2025-11-09T01:06:40.778353+0530 INFO Auto-activating environment 'test_env'
2025-11-09T01:06:45.779622+0530 INFO Auto-activating environment 'test_env'
2025-11-09T01:06:50.781213+0530 INFO Auto-activating environment 'test_env'
2025-11-09T01:06:55.783146+0530 INFO Auto-activating environment 'test_env'
2025-11-09T01:07:00.784879+0530 INFO Auto-activating environment 'test_env'
2025-11-09T01:07:05.786515+0530 INFO Auto-activating environment 'test_env'
2025-11-09T01:07:10.788487+0530 INFO Auto-activating environment 'test_env'
2025-11-09T01:07:15.790083+0530 INFO Auto-activating environment 'test_env'
2025-11-09T01:07:20.791999+0530 INFO Auto-activating environment 'test_env'
2025-11-09T01:07:25.794068+0530 INFO Auto-activating environment 'test_env'
2025-11-09T01:07:30.795667+0530 INFO Auto-activating environment 'test_env'
2025-11-09T01:07:35.797191+0530 INFO Auto-activating environment 'test_env'
2025-11-09T01:07:40.798796+0530 INFO Auto-activating environment 'test_env'
2025-11-09T01:07:45.800432+0530 INFO Auto-activating environment 'test_env'
2025-11-09T01:07:50.801919+0530 INFO Auto-activating environment 'test_env'
2025-11-09T01:07:55.803355+0530 INFO Auto-activating environment 'test_env'
2025-11-09T01:08:00.805606+0530 INFO Auto-activating environment 'test_env'
2025-11-09T01:08:05.807408+0530 INFO Auto-activating environment 'test_env'
2025-11-09T01:08:10.808775+0530 INFO Auto-activating environment 'test_env'
2025-11-09T01:08:15.810843+0530 INFO Auto-activating environment 'test_env'
2025-11-09T01:08:20.812553+0530 INFO Auto-activating environment 'test_env'
2025-11-09T01:08:25.814312+0530 INFO Auto-activating environment 'test_env'
2025-11-09T01:08:30.816053+0530 INFO Auto-activating environment 'test_env'
2025-11-09T01:08:35.818166+0530 INFO Auto-activating environment 'test_env'
2025-11-09T01:08:40.819513+0530 INFO Auto-activating environment 'test_env'
2025-11-09T01:08:45.821146+0530 INFO Auto-activating environment 'test_env'
2025-11-09T01:08:50.822467+0530 INFO Auto-activating environment 'test_env'
2025-11-09T01:08:55.823792+0530 INFO Auto-activating environment 'test_env'
2025-11-09T01:09:00.825296+0530 INFO Auto-activating environment 'test_env'
2025-11-09T01:09:05.828310+0530 INFO Auto-activating environment 'test_env'
2025-11-09T01:09:10.829687+0530 INFO Auto-activating environment 'test_env'
2025-11-09T01:09:15.831559+0530 INFO Auto-activating environment 'test_env'
2025-11-09T01:09:20.833183+0530 INFO Auto-activating environment 'test_env'
2025-11-09T01:09:25.834473+0530 INFO Auto-activating environment 'test_env'
2025-11-09T01:09:30.836506+0530 INFO Auto-activating environment 'test_env'
2025-11-09T01:09:35.838219+0530 INFO Auto-activating environment 'test_env'
2025-11-09T01:09:40.839834+0530 INFO Auto-activating environment 'test_env'
2025-11-09T01:09:45.841203+0530 INFO Auto-activating environment 'test_env'
2025-11-09T01:09:50.842711+0530 INFO Auto-activating environment 'test_env'
2025-11-09T01:09:55.844976+0530 INFO Auto-activating environment 'test_env'
2025-11-09T01:10:00.847707+0530 INFO Auto-activating environment 'test_env'
2025-11-09T01:10:05.849122+0530 INFO Auto-activating environment 'test_env'
2025-11-09T01:10:10.850872+0530 INFO Auto-activating environment 'test_env'
2025-11-09T01:10:15.852628+0530 INFO Auto-activating environment 'test_env'
2025-11-09T01:10:20.854090+0530 INFO Auto-activating environment 'test_env'
2025-11-09T01:10:25.855595+0530 INFO Auto-activating environment 'test_env'
2025-11-09T01:10:30.857133+0530 INFO Auto-activating environment 'test_env'
2025-11-09T01:10:35.858731+0530 INFO Auto-activating environment 'test_env'
2025-11-09T01:10:40.860366+0530 INFO Auto-activating environment 'test_env'
2025-11-09T01:10:45.861959+0530 INFO Auto-activating environment 'test_env'
2025-11-09T01:10:50.863580+0530 INFO Auto-activating environment 'test_env'
2025-11-09T01:15:12.484499+0530 INFO Starting PySpace daemon
2025-11-09T01:15:12.485665+0530 SUCCESS PySpace daemon started
2025-11-09T01:15:12.486670+0530 INFO Auto-activating environment 'test_prod'
2025-11-09T01:15:17.488275+0530 INFO Auto-activating environment 'test_prod'
2025-11-09T01:15:22.490395+0530 INFO Auto-activating environment 'test_prod'
2025-11-09T01:15:27.492361+0530 INFO Auto-activating environment 'test_prod'
2025-11-09T01:15:32.494235+0530 INFO Auto-activating environment 'test_prod'
2025-11-09T01:15:37.496358+0530 INFO Auto-activating environment 'test_prod'
2025-11-09T01:15:42.497959+0530 INFO Auto-activating environment 'test_prod'
2025-11-09T01:15:47.500041+0530 INFO Auto-activating environment 'test_prod'
2025-11-09T01:15:52.502346+0530 INFO Auto-activating environment 'test_prod'
2025-11-09T01:15:57.504158+0530 INFO Auto-activating environment 'test_prod'
2025-11-09T01:16:02.505910+0530 INFO Auto-activating environment 'test_prod'
2025-11-09T01:16:07.508071+0530 INFO Auto-activating environment 'test_prod'
2025-11-09T01:16:12.511224+0530 INFO Auto-activating environment 'test_prod'
2025-11-09T01:16:17.512759+0530 INFO Auto-activating environment 'test_prod'
2025-11-09T01:16:22.515049+0530 INFO Auto-activating environment 'test_prod'
2025-11-09T01:16:27.516534+0530 INFO Auto-activating environment 'test_prod'
2025-11-09T01:16:32.518223+0530 INFO Auto-activating environment 'test_prod'
2025-11-09T01:16:37.520261+0530 INFO Auto-activating environment 'test_prod'
2025-11-09T01:16:42.522357+0530 INFO Auto-activating environment 'test_prod'
2025-11-09T01:16:47.524120+0530 INFO Auto-activating environment 'test_prod'
2025-11-09T01:16:52.525897+0530 INFO Auto-activating environment 'test_prod'
2025-11-09T01:16:57.527860+0530 INFO Auto-activating environment 'test_prod'
2025-11-09T01:17:02.529818+0530 INFO Auto-activating environment 'test_prod'
2025-11-09T01:17:07.531352+0530 INFO Auto-activating environment 'test_prod'
2025-11-09T01:17:12.533043+0530 INFO Auto-activating environment 'test_prod'
2025-11-09T01:17:17.534538+0530 INFO Auto-activating environment 'test_prod'
2025-11-09T01:17:22.536292+0530 INFO Auto-activating environment 'test_prod'
2025-11-09T01:17:27.537950+0530 INFO Auto-activating environment 'test_prod'
2025-11-09T01:17:32.539541+0530 INFO Auto-activating environment 'test_prod'
2025-11-09T01:17:37.541729+0530 INFO Auto-activating environment 'test_prod'
2025-11-09T01:17:42.543285+0530 INFO Auto-activating environment 'test_prod'
2025-11-09T01:17:47.544987+0530 INFO Auto-activating environment 'test_prod'
2025-11-09T01:17:52.546713+0530 INFO Auto-activating environment 'test_prod'
2025-11-09T01:17:57.548340+0530 INFO Auto-activating environment 'test_prod'
2025-11-09T01:18:02.550287+0530 INFO Auto-activating environment 'test_prod'
2025-11-09T01:18:07.553220+0530 INFO Auto-activating environment 'test_prod'
2025-11-09T01:18:12.555136+0530 INFO Auto-activating environment 'test_prod'
2025-11-09T01:18:17.556812+0530 INFO Auto-activating environment 'test_prod'
2025-11-09T01:18:22.558692+0530 INFO Auto-activating environment 'test_prod'
2025-11-09T01:18:27.560392+0530 INFO Auto-activating environment 'test_prod'
2025-11-09T01:18:32.562465+0530 INFO Auto-activating environment 'test_prod'
2025-11-09T01:18:37.564318+0530 INFO Auto-activating environment 'test_prod'
2025-11-09T01:18:42.565922+0530 INFO Auto-activating environment 'test_prod'
2025-11-09T01:18:47.567753+0530 INFO Auto-activating environment 'test_prod'
2025-11-09T01:18:52.569284+0530 INFO Auto-activating environment 'test_prod'
2025-11-09T01:18:57.571133+0530 INFO Auto-activating environment 'test_prod'
2025-11-09T01:19:02.573930+0530 INFO Auto-activating environment 'test_prod'
2025-11-09T01:19:07.575957+0530 INFO Auto-activating environment 'test_prod'
2025-11-09T01:19:12.577499+0530 INFO Auto-activating environment 'test_prod'
2025-11-09T01:19:17.579259+0530 INFO Auto-activating environment 'test_prod'
2025-11-09T01:19:22.580754+0530 INFO Auto-activating environment 'test_prod'
2025-11-09T01:19:27.582409+0530 INFO Auto-activating environment 'test_prod'
2025-11-09T01:19:32.584030+0530 INFO Auto-activating environment 'test_prod'
2025-11-09T01:19:37.585748+0530 INFO Auto-activating environment 'test_prod'
2025-11-09T01:19:42.587611+0530 INFO Auto-activating environment 'test_prod'
2025-11-09T01:19:47.589316+0530 INFO Auto-activating environment 'test_prod'
2025-11-09T01:19:52.591080+0530 INFO Auto-activating environment 'test_prod'
2025-11-09T01:19:57.592795+0530 INFO Auto-activating environment 'test_prod'
2025-11-09T01:20:02.594832+0530 INFO Auto-activating environment 'test_prod'
2025-11-09T01:20:07.596326+0530 INFO Auto-activating environment 'test_prod'
2025-11-09T01:20:12.598009+0530 INFO Auto-activating environment 'test_prod'
2025-11-09T01:20:17.599296+0530 INFO Auto-activating environment 'test_prod'
2025-11-09T01:20:22.601085+0530 INFO Auto-activating environment 'test_prod'
2025-11-09T01:20:27.602954+0530 INFO Auto-activating environment 'test_prod'
2025-11-09T01:20:32.605317+0530 INFO Auto-activating environment 'test_prod'
2025-11-09T01:20:37.607230+0530 INFO Auto-activating environment 'test_prod'
2025-11-09T01:20:42.608687+0530 INFO Auto-activating environment 'test_prod'
2025-11-09T01:20:47.610637+0530 INFO Auto-activating environment 'test_prod'
2025-11-09T01:20:52.612355+0530 INFO Auto-activating environment 'test_prod'
2025-11-09T01:20:57.614721+0530 INFO Auto-activating environment 'test_prod'
2025-11-09T01:21:02.616681+0530 INFO Auto-activating environment 'test_prod'
2025-11-09T01:21:07.618334+0530 INFO Auto-activating environment 'test_prod'
2025-11-09T01:21:12.619651+0530 INFO Auto-activating environment 'test_prod'
2025-11-09T01:21:17.621205+0530 INFO Auto-activating environment 'test_prod'
2025-11-09T01:21:22.623052+0530 INFO Auto-activating environment 'test_prod'
2025-11-09T01:21:27.624894+0530 INFO Auto-activating environment 'test_prod'
2025-11-09T01:21:32.626570+0530 INFO Auto-activating environment 'test_prod'
2025-11-09T01:21:37.628494+0530 INFO Auto-activating environment 'test_prod'
2025-11-09T01:21:42.630431+0530 INFO Auto-activating environment 'test_prod'
2025-11-09T01:21:47.632147+0530 INFO Auto-activating environment 'test_prod'
2025-11-09T01:21:52.634114+0530 INFO Auto-activating environment 'test_prod'
2025-11-09T01:21:57.636032+0530 INFO Auto-activating environment 'test_prod'
2025-11-09T01:22:02.637665+0530 INFO Auto-activating environment 'test_prod'
2025-11-09T01:22:07.639376+0530 INFO Auto-activating environment 'test_prod'
2025-11-09T01:22:12.641366+0530 INFO Auto-activating environment 'test_prod'
2025-11-09T01:22:17.643174+0530 INFO Auto-activating environment 'test_prod'
2025-11-09T01:22:22.644683+0530 INFO Auto-activating environment 'test_prod'
2025-11-09T01:22:27.649569+0530 INFO Auto-activating environment 'test_prod'
2025-11-09T01:22:32.651022+0530 INFO Auto-activating environment 'test_prod'
2025-11-09T01:22:37.652443+0530 INFO Auto-activating environment 'test_prod'
2025-11-09T01:22:42.654065+0530 INFO Auto-activating environment 'test_prod'
2025-11-09T01:22:47.655903+0530 INFO Auto-activating environment 'test_prod'
2025-11-09T01:22:52.657809+0530 INFO Auto-activating environment 'test_prod'
2025-11-09T01:22:57.659544+0530 INFO Auto-activating environment 'test_prod'
2025-11-09T01:23:02.661639+0530 INFO Auto-activating environment 'test_prod'
2025-11-09T01:23:07.663237+0530 INFO Auto-activating environment 'test_prod'
2025-11-09T01:23:12.665520+0530 INFO Auto-activating environment 'test_prod'
2025-11-09T01:23:17.667539+0530 INFO Auto-activating environment 'test_prod'
2025-11-09T01:23:22.669408+0530 INFO Auto-activating environment 'test_prod'
2025-11-09T01:23:27.671243+0530 INFO Auto-activating environment 'test_prod'
2025-11-09T01:23:32.672863+0530 INFO Auto-activating environment 'test_prod'
2025-11-09T01:23:37.674205+0530 INFO Auto-activating environment 'test_prod'
2025-11-09T01:23:42.675812+0530 INFO Auto-activating environment 'test_prod'
2025-11-09T01:23:47.677703+0530 INFO Auto-activating environment 'test_prod'
2025-11-09T01:23:52.679382+0530 INFO Auto-activating environment 'test_prod'
2025-11-09T01:23:57.680995+0530 INFO Auto-activating environment 'test_prod'
2025-11-09T01:24:02.682941+0530 INFO Auto-activating environment 'test_prod'
2025-11-09T01:24:07.684596+0530 INFO Auto-activating environment 'test_prod'
2025-11-09T01:24:12.686205+0530 INFO Auto-activating environment 'test_prod'
2025-11-09T01:24:17.688550+0530 INFO Auto-activating environment 'test_prod'
2025-11-09T01:24:22.690156+0530 INFO Auto-activating environment 'test_prod'
2025-11-09T01:24:27.691598+0530 INFO Auto-activating environment 'test_prod'
2025-11-09T01:24:32.693714+0530 INFO Auto-activating environment 'test_prod'
2025-11-09T01:24:37.695604+0530 INFO Auto-activating environment 'test_prod'
2025-11-09T01:24:42.697174+0530 INFO Auto-activating environment 'test_prod'
2025-11-09T01:24:47.699110+0530 INFO Auto-activating environment 'test_prod'
2025-11-09T01:24:52.700932+0530 INFO Auto-activating environment 'test_prod'
2025-11-09T01:24:57.702417+0530 INFO Auto-activating environment 'test_prod'
2025-11-09T01:25:02.703928+0530 INFO Auto-activating environment 'test_prod'
2025-11-09T01:25:07.705548+0530 INFO Auto-activating environment 'test_prod'
2025-11-09T01:25:12.707182+0530 INFO Auto-activating environment 'test_prod'
2025-11-09T01:25:17.708699+0530 INFO Auto-activating environment 'test_prod'
2025-11-09T01:25:22.710648+0530 INFO Auto-activating environment 'test_prod'
2025-11-09T01:25:27.712324+0530 INFO Auto-activating environment 'test_prod'
2025-11-09T01:25:32.713688+0530 INFO Auto-activating environment 'test_prod'
2025-11-09T01:25:37.715675+0530 INFO Auto-activating environment 'test_prod'
2025-11-09T01:25:42.717078+0530 INFO Auto-activating environment 'test_prod'
2025-11-09T01:25:47.718617+0530 INFO Auto-activating environment 'test_prod'
2025-11-09T01:25:52.721262+0530 INFO Auto-activating environment 'test_prod'
2025-11-09T01:25:57.723141+0530 INFO Auto-activating environment 'test_prod'
2025-11-09T01:26:02.724905+0530 INFO Auto-activating environment 'test_prod'
2025-11-09T01:26:07.726510+0530 INFO Auto-activating environment 'test_prod'
2025-11-09T01:26:12.728550+0530 INFO Auto-activating environment 'test_prod'
2025-11-09T01:26:17.730084+0530 INFO Auto-activating environment 'test_prod'
2025-11-09T01:26:22.731873+0530 INFO Auto-activating environment 'test_prod'
2025-11-09T01:26:27.733771+0530 INFO Auto-activating environment 'test_prod'
2025-11-09T01:26:32.735262+0530 INFO Auto-activating environment 'test_prod'
2025-11-09T01:26:37.736789+0530 INFO Auto-activating environment 'test_prod'
2025-11-09T01:26:42.738018+0530 INFO Auto-activating environment 'test_prod'
2025-11-09T01:26:47.739670+0530 INFO Auto-activating environment 'test_prod'
2025-11-09T01:26:52.741466+0530 INFO Auto-activating environment 'test_prod'
2025-11-09T01:26:57.743247+0530 INFO Auto-activating environment 'test_prod'
2025-11-09T01:27:02.744967+0530 INFO Auto-activating environment 'test_prod'
2025-11-09T01:27:07.746616+0530 INFO Auto-activating environment 'test_prod'
2025-11-09T01:27:12.747975+0530 INFO Auto-activating environment 'test_prod'
2025-11-09T01:27:17.749348+0530 INFO Auto-activating environment 'test_prod'
2025-11-09T01:27:22.765278+0530 INFO Auto-activating environment 'test_prod'
2025-11-09T01:27:27.766974+0530 INFO Auto-activating environment 'test_prod'
2025-11-09T01:27:32.768517+0530 INFO Auto-activating environment 'test_prod'
2025-11-09T01:27:37.770709+0530 INFO Auto-activating environment 'test_prod'
2025-11-09T01:27:42.772545+0530 INFO Auto-activating environment 'test_prod'
2025-11-09T01:27:47.774198+0530 INFO Auto-activating environment 'test_prod'
2025-11-09T01:27:52.775856+0530 INFO Auto-activating environment 'test_prod'
2025-11-09T01:27:57.777498+0530 INFO Auto-activating environment 'test_prod'
2025-11-09T01:28:02.779059+0530 INFO Auto-activating environment 'test_prod'
2025-11-09T01:28:07.781108+0530 INFO Auto-activating environment 'test_prod'
2025-11-09T01:28:12.782987+0530 INFO Auto-activating environment 'test_prod'
2025-11-09T01:28:17.784685+0530 INFO Auto-activating environment 'test_prod'
2025-11-09T01:28:22.786126+0530 INFO Auto-activating environment 'test_prod'
2025-11-09T01:28:27.787703+0530 INFO Auto-activating environment 'test_prod'
2025-11-09T01:28:32.789041+0530 INFO Auto-activating environment 'test_prod'
2025-11-09T01:28:37.790695+0530 INFO Auto-activating environment 'test_prod'
2025-11-09T01:28:42.792793+0530 INFO Auto-activating environment 'test_prod'
2025-11-09T01:28:47.795353+0530 INFO Auto-activating environment 'test_prod'
2025-11-09T01:28:52.797171+0530 INFO Auto-activating environment 'test_prod'
2025-11-09T01:28:57.798676+0530 INFO Auto-activating environment 'test_prod'
2025-11-09T01:29:02.800290+0530 INFO Auto-activating environment 'test_prod'
2025-11-09T01:29:07.802853+0530 INFO Auto-activating environment 'test_prod'
2025-11-09T01:29:12.804559+0530 INFO Auto-activating environment 'test_prod'
2025-11-09T01:29:17.806396+0530 INFO Auto-activating environment 'test_prod'
2025-11-09T01:29:22.807740+0530 INFO Auto-activating environment 'test_prod'
2025-11-09T01:29:27.809346+0530 INFO Auto-activating environment 'test_prod'
2025-11-09T01:29:32.818918+0530 INFO Auto-activating environment 'test_prod'
2025-11-09T01:29:37.821073+0530 INFO Auto-activating environment 'test_prod'
2025-11-09T01:29:42.822986+0530 INFO Auto-activating environment 'test_prod'
2025-11-09T01:29:47.824637+0530 INFO Auto-activating environment 'test_prod'
2025-11-09T01:29:52.825932+0530 INFO Auto-activating environment 'test_prod'
2025-11-09T01:29:57.827436+0530 INFO Auto-activating environment 'test_prod'
2025-11-09T01:30:02.828970+0530 INFO Auto-activating environment 'test_prod'
2025-11-09T01:30:07.830654+0530 INFO Auto-activating environment 'test_prod'
2025-11-09T01:30:12.832430+0530 INFO Auto-activating environment 'test_prod'
2025-11-09T01:30:17.834144+0530 INFO Auto-activating environment 'test_prod'
2025-11-09T01:30:22.835899+0530 INFO Auto-activating environment 'test_prod'
2025-11-09T01:30:27.837888+0530 INFO Auto-activating environment 'test_prod'
2025-11-09T01:30:32.840204+0530 INFO Auto-activating environment 'test_prod'
2025-11-09T01:30:37.842634+0530 INFO Auto-activating environment 'test_prod'
2025-11-09T01:30:42.844941+0530 INFO Auto-activating environment 'test_prod'
2025-11-09T01:30:47.846382+0530 INFO Auto-activating environment 'test_prod'
2025-11-09T01:30:52.847898+0530 INFO Auto-activating environment 'test_prod'
2025-11-09T01:30:57.849478+0530 INFO Auto-activating environment 'test_prod'
2025-11-09T01:31:02.851384+0530 INFO Auto-activating environment 'test_prod'
2025-11-09T01:31:07.852908+0530 INFO Auto-activating environment 'test_prod'
2025-11-09T01:31:12.854740+0530 INFO Auto-activating environment 'test_prod'
2025-11-09T01:31:17.856433+0530 INFO Auto-activating environment 'test_prod'
2025-11-09T01:31:22.857781+0530 INFO Auto-activating environment 'test_prod'
2025-11-09T01:31:27.859578+0530 INFO Auto-activating environment 'test_prod'
2025-11-09T01:31:32.861318+0530 INFO Auto-activating environment 'test_prod'
2025-11-09T01:31:37.863077+0530 INFO Auto-activating environment 'test_prod'
2025-11-09T01:31:42.865848+0530 INFO Auto-activating environment 'test_prod'
2025-11-09T01:31:47.868072+0530 INFO Auto-activating environment 'test_prod'
2025-11-09T01:31:52.869323+0530 INFO Auto-activating environment 'test_prod'
2025-11-09T01:31:57.870730+0530 INFO Auto-activating environment 'test_prod'
2025-11-09T01:32:02.872340+0530 INFO Auto-activating environment 'test_prod'
2025-11-09T01:32:07.874420+0530 INFO Auto-activating environment 'test_prod'
2025-11-09T01:32:12.876571+0530 INFO Auto-activating environment 'test_prod'
2025-11-09T01:32:17.878322+0530 INFO Auto-activating environment 'test_prod'
2025-11-09T01:32:22.879891+0530 INFO Auto-activating environment 'test_prod'
2025-11-09T01:32:27.881817+0530 INFO Auto-activating environment 'test_prod'
2025-11-09T01:32:32.883577+0530 INFO Auto-activating environment 'test_prod'
2025-11-09T01:32:37.887385+0530 INFO Auto-activating environment 'test_prod'
2025-11-09T01:32:42.889383+0530 INFO Auto-activating environment 'test_prod'
2025-11-09T01:32:47.891161+0530 INFO Auto-activating environment 'test_prod'
2025-11-09T01:32:52.892551+0530 INFO Auto-activating environment 'test_prod'
2025-11-09T01:32:57.894165+0530 INFO Auto-activating environment 'test_prod'
2025-11-09T01:33:02.895554+0530 INFO Auto-activating environment 'test_prod'
2025-11-09T01:33:07.897148+0530 INFO Auto-activating environment 'test_prod'
2025-11-09T01:33:12.899071+0530 INFO Auto-activating environment 'test_prod'
2025-11-09T01:33:17.900808+0530 INFO Auto-activating environment 'test_prod'
2025-11-09T01:33:22.902228+0530 INFO Auto-activating environment 'test_prod'
2025-11-09T01:33:27.904130+0530 INFO Auto-activating environment 'test_prod'
2025-11-09T01:33:32.906346+0530 INFO Auto-activating environment 'test_prod'
2025-11-09T01:33:37.908624+0530 INFO Auto-activating environment 'test_prod'
2025-11-09T01:33:42.910612+0530 INFO Auto-activating environment 'test_prod'
2025-11-09T01:33:47.912415+0530 INFO Auto-activating environment 'test_prod'
2025-11-09T01:33:52.914165+0530 INFO Auto-activating environment 'test_prod'
2025-11-09T01:33:57.916029+0530 INFO Auto-activating environment 'test_prod'
2025-11-09T01:34:02.917869+0530 INFO Auto-activating environment 'test_prod'
2025-11-09T01:34:07.919685+0530 INFO Auto-activating environment 'test_prod'
2025-11-09T01:34:12.921895+0530 INFO Auto-activating environment 'test_prod'
2025-11-09T01:34:17.923945+0530 INFO Auto-activating environment 'test_prod'
2025-11-09T01:34:22.925677+0530 INFO Auto-activating environment 'test_prod'
2025-11-09T01:34:27.928293+0530 INFO Auto-activating environment 'test_prod'
2025-11-09T01:34:32.930756+0530 INFO Auto-activating environment 'test_prod'
2025-11-09T01:34:37.932789+0530 INFO Auto-activating environment 'test_prod'
2025-11-09T01:34:42.934425+0530 INFO Auto-activating environment 'test_prod'
2025-11-09T01:34:47.936072+0530 INFO Auto-activating environment 'test_prod'
2025-11-09T01:34:52.953399+0530 INFO Auto-activating environment 'test_prod'
2025-11-09T01:34:57.955667+0530 INFO Auto-activating environment 'test_prod'
2025-11-09T01:35:02.957432+0530 INFO Auto-activating environment 'test_prod'
2025-11-09T01:35:07.959190+0530 INFO Auto-activating environment 'test_prod'
2025-11-09T01:35:12.960793+0530 INFO Auto-activating environment 'test_prod'
2025-11-09T01:35:17.962482+0530 INFO Auto-activating environment 'test_prod'
2025-11-09T01:35:22.964786+0530 INFO Auto-activating environment 'test_prod'
2025-11-09T01:35:27.966929+0530 INFO Auto-activating environment 'test_prod'
2025-11-09T01:35:32.968348+0530 INFO Auto-activating environment 'test_prod'
2025-11-09T01:35:37.970154+0530 INFO Auto-activating environment 'test_prod'
2025-11-09T01:35:42.972265+0530 INFO Auto-activating environment 'test_prod'
2025-11-09T01:35:47.973867+0530 INFO Auto-activating environment 'test_prod'
2025-11-09T01:35:52.975169+0530 INFO Auto-activating environment 'test_prod'
2025-11-09T01:35:57.976582+0530 INFO Auto-activating environment 'test_prod'
2025-11-09T01:36:02.978216+0530 INFO Auto-activating environment 'test_prod'
2025-11-09T01:36:07.980090+0530 INFO Auto-activating environment 'test_prod'
2025-11-09T01:36:12.981711+0530 INFO Auto-activating environment 'test_prod'
2025-11-09T01:36:17.983563+0530 INFO Auto-activating environment 'test_prod'
2025-11-09T01:36:22.985322+0530 INFO Auto-activating environment 'test_prod'
2025-11-09T01:36:27.988348+0530 INFO Auto-activating environment 'test_prod'
2025-11-09T01:36:32.990214+0530 INFO Auto-activating environment 'test_prod'
2025-11-09T01:36:37.992521+0530 INFO Auto-activating environment 'test_prod'
2025-11-09T01:36:42.994371+0530 INFO Auto-activating environment 'test_prod'
2025-11-09T01:36:47.996057+0530 INFO Auto-activating environment 'test_prod'
2025-11-09T01:36:52.997809+0530 INFO Auto-activating environment 'test_prod'
2025-11-09T01:36:57.999347+0530 INFO Auto-activating environment 'test_prod'
2025-11-09T01:37:03.001258+0530 INFO Auto-activating environment 'test_prod'
2025-11-09T01:37:08.003271+0530 INFO Auto-activating environment 'test_prod'
2025-11-09T01:37:13.004553+0530 INFO Auto-activating environment 'test_prod'
2025-11-09T01:37:18.006673+0530 INFO Auto-activating environment 'test_prod'
2025-11-09T01:37:23.008370+0530 INFO Auto-activating environment 'test_prod'
2025-11-09T01:37:28.010603+0530 INFO Auto-activating environment 'test_prod'
2025-11-09T01:37:33.011982+0530 INFO Auto-activating environment 'test_prod'
2025-11-09T01:37:38.013580+0530 INFO Auto-activating environment 'test_prod'
2025-11-09T01:37:43.015540+0530 INFO Auto-activating environment 'test_prod'
2025-11-09T01:37:48.016827+0530 INFO Auto-activating environment 'test_prod'
2025-11-09T01:37:53.018086+0530 INFO Auto-activating environment 'test_prod'
2025-11-09T01:37:58.019728+0530 INFO Auto-activating environment 'test_prod'
2025-11-09T01:38:03.021613+0530 INFO Auto-activating environment 'test_prod'
2025-11-09T01:38:08.023573+0530 INFO Auto-activating environment 'test_prod'
2025-11-09T01:38:13.025254+0530 INFO Auto-activating environment 'test_prod'
2025-11-09T01:38:18.027322+0530 INFO Auto-activating environment 'test_prod'
2025-11-09T01:38:23.029236+0530 INFO Auto-activating environment 'test_prod'
2025-11-09T01:38:28.031087+0530 INFO Auto-activating environment 'test_prod'
2025-11-09T01:38:33.032452+0530 INFO Auto-activating environment 'test_prod'
2025-11-09T01:38:38.033916+0530 INFO Auto-activating environment 'test_prod'
2025-11-09T01:38:43.035660+0530 INFO Auto-activating environment 'test_prod'
2025-11-09T01:38:48.037687+0530 INFO Auto-activating environment 'test_prod'
2025-11-09T01:38:53.039338+0530 INFO Auto-activating environment 'test_prod'
2025-11-09T01:38:58.041048+0530 INFO Auto-activating environment 'test_prod'
2025-11-09T01:39:03.042551+0530 INFO Auto-activating environment 'test_prod'
2025-11-09T01:39:08.044225+0530 INFO Auto-activating environment 'test_prod'
2025-11-09T01:39:13.045737+0530 INFO Auto-activating environment 'test_prod'
2025-11-09T01:39:18.047636+0530 INFO Auto-activating environment 'test_prod'
2025-11-09T01:39:23.050418+0530 INFO Auto-activating environment 'test_prod'
2025-11-09T01:39:28.052472+0530 INFO Auto-activating environment 'test_prod'
2025-11-09T01:39:33.053947+0530 INFO Auto-activating environment 'test_prod'
2025-11-09T01:39:38.055855+0530 INFO Auto-activating environment 'test_prod'
2025-11-09T01:39:43.057879+0530 INFO Auto-activating environment 'test_prod'
2025-11-09T01:39:48.059852+0530 INFO Auto-activating environment 'test_prod'
2025-11-09T01:39:53.061615+0530 INFO Auto-activating environment 'test_prod'
2025-11-09T01:39:58.063149+0530 INFO Auto-activating environment 'test_prod'
2025-11-09T01:40:03.065220+0530 INFO Auto-activating environment 'test_prod'
2025-11-09T01:40:08.066822+0530 INFO Auto-activating environment 'test_prod'
2025-11-09T01:40:13.068283+0530 INFO Auto-activating environment 'test_prod'
2025-11-09T01:40:18.070728+0530 INFO Auto-activating environment 'test_prod'
2025-11-09T01:40:23.072714+0530 INFO Auto-activating environment 'test_prod'
2025-11-09T01:40:28.074551+0530 INFO Auto-activating environment 'test_prod'
2025-11-09T01:40:33.076400+0530 INFO Auto-activating environment 'test_prod'
2025-11-09T01:40:38.078594+0530 INFO Auto-activating environment 'test_prod'
2025-11-09T01:40:43.080315+0530 INFO Auto-activating environment 'test_prod'
2025-11-09T01:40:48.081760+0530 INFO Auto-activating environment 'test_prod'
2025-11-09T01:40:53.083408+0530 INFO Auto-activating environment 'test_prod'
2025-11-09T01:40:58.085338+0530 INFO Auto-activating environment 'test_prod'
2025-11-09T01:41:03.087098+0530 INFO Auto-activating environment 'test_prod'
2025-11-09T01:41:08.089096+0530 INFO Auto-activating environment 'test_prod'
2025-11-09T01:41:13.090979+0530 INFO Auto-activating environment 'test_prod'
2025-11-09T01:41:18.093657+0530 INFO Auto-activating environment 'test_prod'
2025-11-09T01:41:23.095246+0530 INFO Auto-activating environment 'test_prod'
2025-11-09T01:41:28.097020+0530 INFO Auto-activating environment 'test_prod'
2025-11-09T01:41:33.098895+0530 INFO Auto-activating environment 'test_prod'
2025-11-09T01:41:38.100783+0530 INFO Auto-activating environment 'test_prod'
2025-11-09T01:41:43.102344+0530 INFO Auto-activating environment 'test_prod'
2025-11-09T01:41:48.103971+0530 INFO Auto-activating environment 'test_prod'
2025-11-09T01:41:53.105467+0530 INFO Auto-activating environment 'test_prod'
2025-11-09T01:41:58.106836+0530 INFO Auto-activating environment 'test_prod'
2025-11-09T01:42:03.108401+0530 INFO Auto-activating environment 'test_prod'
2025-11-09T01:42:08.110004+0530 INFO Auto-activating environment 'test_prod'
2025-11-09T01:42:13.111659+0530 INFO Auto-activating environment 'test_prod'
2025-11-09T01:42:18.113732+0530 INFO Auto-activating environment 'test_prod'
2025-11-09T01:42:23.115354+0530 INFO Auto-activating environment 'test_prod'
2025-11-09T01:42:28.117348+0530 INFO Auto-activating environment 'test_prod'
2025-11-09T01:42:33.119036+0530 INFO Auto-activating environment 'test_prod'
2025-11-09T01:42:38.121063+0530 INFO Auto-activating environment 'test_prod'
2025-11-09T01:48:37.943638+0530 INFO Starting PySpace daemon
2025-11-09T01:48:37.945068+0530 SUCCESS PySpace daemon started
2025-11-09T01:48:37.946178+0530 INFO Auto-activating environment 'test_prod_env'
2025-11-09T01:48:42.947689+0530 INFO Auto-activating environment 'test_prod_env'
2025-11-09T01:48:47.949429+0530 INFO Auto-activating environment 'test_prod_env'
2025-11-09T01:48:52.951212+0530 INFO Auto-activating environment 'test_prod_env'
2025-11-09T01:48:57.952770+0530 INFO Auto-activating environment 'test_prod_env'
2025-11-09T01:49:02.954609+0530 INFO Auto-activating environment 'test_prod_env'
2025-11-09T01:49:07.955932+0530 INFO Auto-activating environment 'test_prod_env'
2025-11-09T01:49:12.960145+0530 INFO Auto-activating environment 'test_prod_env'
2025-11-09T01:49:17.963284+0530 INFO Auto-activating environment 'test_prod_env'
2025-11-09T01:49:22.965410+0530 INFO Auto-activating environment 'test_prod_env'
2025-11-09T01:49:27.967195+0530 INFO Auto-activating environment 'test_prod_env'
2025-11-09T01:49:32.968955+0530 INFO Auto-activating environment 'test_prod_env'
2025-11-09T01:49:37.970458+0530 INFO Auto-activating environment 'test_prod_env'
2025-11-09T01:49:42.972153+0530 INFO Auto-activating environment 'test_prod_env'
2025-11-09T01:49:47.973638+0530 INFO Auto-activating environment 'test_prod_env'
2025-11-09T01:49:52.975567+0530 INFO Auto-activating environment 'test_prod_env'
2025-11-09T01:49:57.977363+0530 INFO Auto-activating environment 'test_prod_env'
2025-11-09T01:50:02.979126+0530 INFO Auto-activating environment 'test_prod_env'
2025-11-09T01:50:07.980722+0530 INFO Auto-activating environment 'test_prod_env'
2025-11-09T01:50:12.982184+0530 INFO Auto-activating environment 'test_prod_env'
2025-11-09T01:50:17.984431+0530 INFO Auto-activating environment 'test_prod_env'
2025-11-09T01:50:22.986587+0530 INFO Auto-activating environment 'test_prod_env'
2025-11-09T01:50:27.988206+0530 INFO Auto-activating environment 'test_prod_env'
2025-11-09T01:50:32.989771+0530 INFO Auto-activating environment 'test_prod_env'
2025-11-09T01:50:37.991485+0530 INFO Auto-activating environment 'test_prod_env'
2025-11-09T01:50:42.993242+0530 INFO Auto-activating environment 'test_prod_env'
2025-11-09T01:50:47.994532+0530 INFO Auto-activating environment 'test_prod_env'
2025-11-09T01:50:52.996257+0530 INFO Auto-activating environment 'test_prod_env'
2025-11-09T01:50:57.998561+0530 INFO Auto-activating environment 'test_prod_env'
2025-11-09T01:51:03.000241+0530 INFO Auto-activating environment 'test_prod_env'
2025-11-09T01:51:08.002577+0530 INFO Auto-activating environment 'test_prod_env'
2025-11-09T01:51:13.006211+0530 INFO Auto-activating environment 'test_prod_env'
2025-11-09T01:51:18.007995+0530 INFO Auto-activating environment 'test_prod_env'
2025-11-09T01:51:23.009786+0530 INFO Auto-activating environment 'test_prod_env'
2025-11-09T01:51:28.011664+0530 INFO Auto-activating environment 'test_prod_env'
2025-11-09T01:51:33.013592+0530 INFO Auto-activating environment 'test_prod_env'
2025-11-09T01:51:38.015393+0530 INFO Auto-activating environment 'test_prod_env'
2025-11-09T01:51:43.017252+0530 INFO Auto-activating environment 'test_prod_env'
2025-11-09T01:51:48.019042+0530 INFO Auto-activating environment 'test_prod_env'
2025-11-09T01:51:53.021131+0530 INFO Auto-activating environment 'test_prod_env'
2025-11-09T01:51:58.022975+0530 INFO Auto-activating environment 'test_prod_env'
2025-11-09T01:52:03.026844+0530 INFO Auto-activating environment 'test_prod_env'
2025-11-09T01:52:08.028550+0530 INFO Auto-activating environment 'test_prod_env'
2025-11-09T01:52:13.030289+0530 INFO Auto-activating environment 'test_prod_env'
2025-11-09T01:52:18.032094+0530 INFO Auto-activating environment 'test_prod_env'
2025-11-09T01:52:23.033982+0530 INFO Auto-activating environment 'test_prod_env'
2025-11-09T01:52:28.035816+0530 INFO Auto-activating environment 'test_prod_env'
2025-11-09T01:52:33.037643+0530 INFO Auto-activating environment 'test_prod_env'
2025-11-09T01:52:38.039515+0530 INFO Auto-activating environment 'test_prod_env'
2025-11-09T01:52:43.041262+0530 INFO Auto-activating environment 'test_prod_env'
2025-11-09T01:52:48.043268+0530 INFO Auto-activating environment 'test_prod_env'
2025-11-09T01:52:53.045978+0530 INFO Auto-activating environment 'test_prod_env'
2025-11-09T01:52:58.047829+0530 INFO Auto-activating environment 'test_prod_env'
2025-11-09T01:53:03.049498+0530 INFO Auto-activating environment 'test_prod_env'
2025-11-09T01:53:08.051258+0530 INFO Auto-activating environment 'test_prod_env'
2025-11-09T01:53:13.053164+0530 INFO Auto-activating environment 'test_prod_env'
2025-11-09T01:53:18.054951+0530 INFO Auto-activating environment 'test_prod_env'
2025-11-09T01:53:23.056589+0530 INFO Auto-activating environment 'test_prod_env'
2025-11-09T01:53:28.058316+0530 INFO Auto-activating environment 'test_prod_env'
2025-11-09T01:53:33.060310+0530 INFO Auto-activating environment 'test_prod_env'
2025-11-09T01:53:38.061727+0530 INFO Auto-activating environment 'test_prod_env'
2025-11-09T01:53:43.063826+0530 INFO Auto-activating environment 'test_prod_env'
2025-11-09T01:53:48.067754+0530 INFO Auto-activating environment 'test_prod_env'
2025-11-09T01:53:53.070004+0530 INFO Auto-activating environment 'test_prod_env'
2025-11-09T01:53:58.071801+0530 INFO Auto-activating environment 'test_prod_env'
2025-11-09T01:54:03.073654+0530 INFO Auto-activating environment 'test_prod_env'
2025-11-09T01:54:08.075387+0530 INFO Auto-activating environment 'test_prod_env'
2025-11-09T01:54:13.091168+0530 INFO Auto-activating environment 'test_prod_env'
2025-11-09T01:54:18.092977+0530 INFO Auto-activating environment 'test_prod_env'
2025-11-09T01:54:23.094934+0530 INFO Auto-activating environment 'test_prod_env'
2025-11-09T01:54:28.096541+0530 INFO Auto-activating environment 'test_prod_env'
2025-11-09T01:54:33.098898+0530 INFO Auto-activating environment 'test_prod_env'
2025-11-09T01:54:38.100713+0530 INFO Auto-activating environment 'test_prod_env'
2025-11-09T01:54:43.102406+0530 INFO Auto-activating environment 'test_prod_env'
2025-11-09T01:54:48.105013+0530 INFO Auto-activating environment 'test_prod_env'
2025-11-09T01:54:53.106675+0530 INFO Auto-activating environment 'test_prod_env'
2025-11-09T01:54:58.108287+0530 INFO Auto-activating environment 'test_prod_env'
2025-11-09T01:55:03.109545+0530 INFO Auto-activating environment 'test_prod_env'
2025-11-09T01:55:08.111276+0530 INFO Auto-activating environment 'test_prod_env'
2025-11-09T01:55:13.113268+0530 INFO Auto-activating environment 'test_prod_env'
2025-11-09T01:55:18.115017+0530 INFO Auto-activating environment 'test_prod_env'
2025-11-09T01:55:23.117033+0530 INFO Auto-activating environment 'test_prod_env'
2025-11-09T01:55:28.118432+0530 INFO Auto-activating environment 'test_prod_env'
2025-11-09T01:55:33.120167+0530 INFO Auto-activating environment 'test_prod_env'
2025-11-09T01:55:38.121884+0530 INFO Auto-activating environment 'test_prod_env'
2025-11-09T01:55:43.123861+0530 INFO Auto-activating environment 'test_prod_env'
2025-11-09T01:55:48.128326+0530 INFO Auto-activating environment 'test_prod_env'
